This is pdfTeX, Version 3.14159265-2.6-1.40.18 (TeX Live 2017/Debian) (preloaded format=pdflatex 2017.10.2)  17 OCT 2017 17:01
entering extended mode
 restricted \write18 enabled.
 %&-line parsing enabled.
**compare_models_moreiterations.tex
(./compare_models_moreiterations.tex
LaTeX2e <2017-04-15>
Babel <3.13> and hyphenation patterns for 84 language(s) loaded.
(/usr/share/texlive/texmf-dist/tex/latex/base/article.cls
Document Class: article 2014/09/29 v1.4h Standard LaTeX document class
(/usr/share/texlive/texmf-dist/tex/latex/base/size10.clo
File: size10.clo 2014/09/29 v1.4h Standard LaTeX file (size option)
)
\c@part=\count79
\c@section=\count80
\c@subsection=\count81
\c@subsubsection=\count82
\c@paragraph=\count83
\c@subparagraph=\count84
\c@figure=\count85
\c@table=\count86
\abovecaptionskip=\skip41
\belowcaptionskip=\skip42
\bibindent=\dimen102
)
(/usr/share/texlive/texmf-dist/tex/latex/graphics/graphicx.sty
Package: graphicx 2017/06/01 v1.1a Enhanced LaTeX Graphics (DPC,SPQR)

(/usr/share/texlive/texmf-dist/tex/latex/graphics/keyval.sty
Package: keyval 2014/10/28 v1.15 key=value parser (DPC)
\KV@toks@=\toks14
)
(/usr/share/texlive/texmf-dist/tex/latex/graphics/graphics.sty
Package: graphics 2017/06/25 v1.2c Standard LaTeX Graphics (DPC,SPQR)

(/usr/share/texlive/texmf-dist/tex/latex/graphics/trig.sty
Package: trig 2016/01/03 v1.10 sin cos tan (DPC)
)
(/usr/share/texlive/texmf-dist/tex/latex/graphics-cfg/graphics.cfg
File: graphics.cfg 2016/06/04 v1.11 sample graphics configuration
)
Package graphics Info: Driver file: pdftex.def on input line 99.

(/usr/share/texlive/texmf-dist/tex/latex/graphics-def/pdftex.def
File: pdftex.def 2017/06/24 v1.0g Graphics/color driver for pdftex
))
\Gin@req@height=\dimen103
\Gin@req@width=\dimen104
)
(/usr/share/texlive/texmf-dist/tex/latex/graphics/color.sty
Package: color 2016/07/10 v1.1e Standard LaTeX Color (DPC)

(/usr/share/texlive/texmf-dist/tex/latex/graphics-cfg/color.cfg
File: color.cfg 2016/01/02 v1.6 sample color configuration
)
Package color Info: Driver file: pdftex.def on input line 147.
)
(/usr/share/texlive/texmf-dist/tex/latex/framed/framed.sty
Package: framed 2011/10/22 v 0.96: framed or shaded text with page breaks
\OuterFrameSep=\skip43
\fb@frw=\dimen105
\fb@frh=\dimen106
\FrameRule=\dimen107
\FrameSep=\dimen108
)
(/usr/share/texlive/texmf-dist/tex/latex/base/alltt.sty
Package: alltt 1997/06/16 v2.0g defines alltt environment
)
(/usr/share/texlive/texmf-dist/tex/latex/upquote/upquote.sty
Package: upquote 2012/04/19 v1.3 upright-quote and grave-accent glyphs in verba
tim
)
(./compare_models_moreiterations.aux)
\openout1 = `compare_models_moreiterations.aux'.

LaTeX Font Info:    Checking defaults for OML/cmm/m/it on input line 55.
LaTeX Font Info:    ... okay on input line 55.
LaTeX Font Info:    Checking defaults for T1/cmr/m/n on input line 55.
LaTeX Font Info:    ... okay on input line 55.
LaTeX Font Info:    Checking defaults for OT1/cmr/m/n on input line 55.
LaTeX Font Info:    ... okay on input line 55.
LaTeX Font Info:    Checking defaults for OMS/cmsy/m/n on input line 55.
LaTeX Font Info:    ... okay on input line 55.
LaTeX Font Info:    Checking defaults for OMX/cmex/m/n on input line 55.
LaTeX Font Info:    ... okay on input line 55.
LaTeX Font Info:    Checking defaults for U/cmr/m/n on input line 55.
LaTeX Font Info:    ... okay on input line 55.

(/usr/share/texlive/texmf-dist/tex/context/base/mkii/supp-pdf.mkii
[Loading MPS to PDF converter (version 2006.09.02).]
\scratchcounter=\count87
\scratchdimen=\dimen109
\scratchbox=\box26
\nofMPsegments=\count88
\nofMParguments=\count89
\everyMPshowfont=\toks15
\MPscratchCnt=\count90
\MPscratchDim=\dimen110
\MPnumerator=\count91
\makeMPintoPDFobject=\count92
\everyMPtoPDFconversion=\toks16
) (/usr/share/texlive/texmf-dist/tex/latex/oberdiek/epstopdf-base.sty
Package: epstopdf-base 2016/05/15 v2.6 Base part for package epstopdf

(/usr/share/texlive/texmf-dist/tex/generic/oberdiek/infwarerr.sty
Package: infwarerr 2016/05/16 v1.4 Providing info/warning/error messages (HO)
)
(/usr/share/texlive/texmf-dist/tex/latex/oberdiek/grfext.sty
Package: grfext 2016/05/16 v1.2 Manage graphics extensions (HO)

(/usr/share/texlive/texmf-dist/tex/generic/oberdiek/kvdefinekeys.sty
Package: kvdefinekeys 2016/05/16 v1.4 Define keys (HO)

(/usr/share/texlive/texmf-dist/tex/generic/oberdiek/ltxcmds.sty
Package: ltxcmds 2016/05/16 v1.23 LaTeX kernel commands for general use (HO)
)))
(/usr/share/texlive/texmf-dist/tex/latex/oberdiek/kvoptions.sty
Package: kvoptions 2016/05/16 v3.12 Key value format for package options (HO)

(/usr/share/texlive/texmf-dist/tex/generic/oberdiek/kvsetkeys.sty
Package: kvsetkeys 2016/05/16 v1.17 Key value parser (HO)

(/usr/share/texlive/texmf-dist/tex/generic/oberdiek/etexcmds.sty
Package: etexcmds 2016/05/16 v1.6 Avoid name clashes with e-TeX commands (HO)

(/usr/share/texlive/texmf-dist/tex/generic/oberdiek/ifluatex.sty
Package: ifluatex 2016/05/16 v1.4 Provides the ifluatex switch (HO)
Package ifluatex Info: LuaTeX not detected.
)
Package etexcmds Info: Could not find \expanded.
(etexcmds)             That can mean that you are not using pdfTeX 1.50 or
(etexcmds)             that some package has redefined \expanded.
(etexcmds)             In the latter case, load this package earlier.
)))
(/usr/share/texlive/texmf-dist/tex/generic/oberdiek/pdftexcmds.sty
Package: pdftexcmds 2017/03/19 v0.25 Utility functions of pdfTeX for LuaTeX (HO
)

(/usr/share/texlive/texmf-dist/tex/generic/oberdiek/ifpdf.sty
Package: ifpdf 2017/03/15 v3.2 Provides the ifpdf switch
)
Package pdftexcmds Info: LuaTeX not detected.
Package pdftexcmds Info: \pdf@primitive is available.
Package pdftexcmds Info: \pdf@ifprimitive is available.
Package pdftexcmds Info: \pdfdraftmode found.
)
Package epstopdf-base Info: Redefining graphics rule for `.eps' on input line 4
38.
Package grfext Info: Graphics extension search list:
(grfext)             [.pdf,.png,.jpg,.mps,.jpeg,.jbig2,.jb2,.PDF,.PNG,.JPG,.JPE
G,.JBIG2,.JB2,.eps]
(grfext)             \AppendGraphicsExtensions on input line 456.

(/usr/share/texlive/texmf-dist/tex/latex/latexconfig/epstopdf-sys.cfg
File: epstopdf-sys.cfg 2010/07/13 v1.3 Configuration of (r)epstopdf for TeX Liv
e
))
Package color Info: Redefining color shadecolor on input line 65.
Package color Info: Redefining color shadecolor on input line 80.
LaTeX Font Info:    External font `cmex10' loaded for size
(Font)              <7> on input line 81.
LaTeX Font Info:    External font `cmex10' loaded for size
(Font)              <5> on input line 81.

Overfull \hbox (31.23694pt too wide) in paragraph at lines 81--102
[][] 
 []

Package color Info: Redefining color shadecolor on input line 120.
<figure/unnamed-chunk-6-1.pdf, id=1, pagebox=cropbox, 505.89pt x 505.89pt>
File: figure/unnamed-chunk-6-1.pdf Graphic file (type pdf)
<use figure/unnamed-chunk-6-1.pdf>
Package pdftex.def Info: figure/unnamed-chunk-6-1.pdf  used on input line 121. 
on input line 121.
Package pdftex.def Info: Requested size: 345.0pt x 345.00414pt on input line 12
1.

Overfull \hbox (15.0pt too wide) in paragraph at lines 121--122
[][] 
 []

[1

{/var/lib/texmf/fonts/map/pdftex/updmap/pdftex.map}] [2 <./figure/unnamed-chunk
-6-1.pdf>]
<figure/unnamed-chunk-6-2.pdf, id=22, pagebox=cropbox, 505.89pt x 505.89pt>
File: figure/unnamed-chunk-6-2.pdf Graphic file (type pdf)
<use figure/unnamed-chunk-6-2.pdf>
Package pdftex.def Info: figure/unnamed-chunk-6-2.pdf  used on input line 165. 
on input line 165.
Package pdftex.def Info: Requested size: 345.0pt x 345.00414pt on input line 16
5.

Overfull \hbox (15.0pt too wide) in paragraph at lines 165--166
[][] 
 []

[3]
<figure/unnamed-chunk-6-3.pdf, id=26, pagebox=cropbox, 505.89pt x 505.89pt>
File: figure/unnamed-chunk-6-3.pdf Graphic file (type pdf)
<use figure/unnamed-chunk-6-3.pdf>
Package pdftex.def Info: figure/unnamed-chunk-6-3.pdf  used on input line 177. 
on input line 177.
Package pdftex.def Info: Requested size: 345.0pt x 345.00414pt on input line 17
7.

Overfull \hbox (15.0pt too wide) in paragraph at lines 177--178
[][] 
 []

[4 <./figure/unnamed-chunk-6-2.pdf>] [5 <./figure/unnamed-chunk-6-3.pdf>]
Package color Info: Redefining color shadecolor on input line 210.
<figure/unnamed-chunk-7-1.pdf, id=51, pagebox=cropbox, 505.89pt x 505.89pt>
File: figure/unnamed-chunk-7-1.pdf Graphic file (type pdf)
<use figure/unnamed-chunk-7-1.pdf>
Package pdftex.def Info: figure/unnamed-chunk-7-1.pdf  used on input line 211. 
on input line 211.
Package pdftex.def Info: Requested size: 345.0pt x 345.00414pt on input line 21
1.

[6 <./figure/unnamed-chunk-7-1.pdf>]
<figure/unnamed-chunk-7-2.pdf, id=65, pagebox=cropbox, 505.89pt x 505.89pt>
File: figure/unnamed-chunk-7-2.pdf Graphic file (type pdf)
<use figure/unnamed-chunk-7-2.pdf>
Package pdftex.def Info: figure/unnamed-chunk-7-2.pdf  used on input line 223. 
on input line 223.
Package pdftex.def Info: Requested size: 345.0pt x 345.00414pt on input line 22
3.

Overfull \hbox (15.0pt too wide) in paragraph at lines 223--224
[][] 
 []

Package color Info: Redefining color shadecolor on input line 236.
[7 <./figure/unnamed-chunk-7-2.pdf>]
<figure/unnamed-chunk-8-1.pdf, id=79, pagebox=cropbox, 505.89pt x 505.89pt>
File: figure/unnamed-chunk-8-1.pdf Graphic file (type pdf)
<use figure/unnamed-chunk-8-1.pdf>
Package pdftex.def Info: figure/unnamed-chunk-8-1.pdf  used on input line 237. 
on input line 237.
Package pdftex.def Info: Requested size: 345.0pt x 345.00414pt on input line 23
7.

Overfull \hbox (15.0pt too wide) in paragraph at lines 237--238
[][] 
 []

[8 <./figure/unnamed-chunk-8-1.pdf>]
Package color Info: Redefining color shadecolor on input line 278.
<figure/unnamed-chunk-9-1.pdf, id=92, pagebox=cropbox, 505.89pt x 505.89pt>
File: figure/unnamed-chunk-9-1.pdf Graphic file (type pdf)
<use figure/unnamed-chunk-9-1.pdf>
Package pdftex.def Info: figure/unnamed-chunk-9-1.pdf  used on input line 279. 
on input line 279.
Package pdftex.def Info: Requested size: 345.0pt x 345.00414pt on input line 27
9.

Overfull \hbox (15.0pt too wide) in paragraph at lines 279--280
[][] 
 []

[9]
<figure/unnamed-chunk-9-2.pdf, id=96, pagebox=cropbox, 505.89pt x 505.89pt>
File: figure/unnamed-chunk-9-2.pdf Graphic file (type pdf)
<use figure/unnamed-chunk-9-2.pdf>
Package pdftex.def Info: figure/unnamed-chunk-9-2.pdf  used on input line 299. 
on input line 299.
Package pdftex.def Info: Requested size: 345.0pt x 345.00414pt on input line 29
9.

Overfull \hbox (15.0pt too wide) in paragraph at lines 299--300
[][] 
 []

[10 <./figure/unnamed-chunk-9-1.pdf>] [11 <./figure/unnamed-chunk-9-2.pdf>]
Package color Info: Redefining color shadecolor on input line 328.
<figure/unnamed-chunk-10-1.pdf, id=121, pagebox=cropbox, 505.89pt x 505.89pt>
File: figure/unnamed-chunk-10-1.pdf Graphic file (type pdf)
<use figure/unnamed-chunk-10-1.pdf>
Package pdftex.def Info: figure/unnamed-chunk-10-1.pdf  used on input line 329.
 on input line 329.
Package pdftex.def Info: Requested size: 345.0pt x 345.00414pt on input line 32
9.
<figure/unnamed-chunk-10-2.pdf, id=122, pagebox=cropbox, 505.89pt x 505.89pt>
File: figure/unnamed-chunk-10-2.pdf Graphic file (type pdf)
<use figure/unnamed-chunk-10-2.pdf>
Package pdftex.def Info: figure/unnamed-chunk-10-2.pdf  used on input line 331.
 on input line 331.
Package pdftex.def Info: Requested size: 345.0pt x 345.00414pt on input line 33
1.

Overfull \hbox (15.0pt too wide) in paragraph at lines 331--332
[][] 
 []

[12 <./figure/unnamed-chunk-10-1.pdf>]
<figure/unnamed-chunk-10-3.pdf, id=136, pagebox=cropbox, 505.89pt x 505.89pt>
File: figure/unnamed-chunk-10-3.pdf Graphic file (type pdf)
<use figure/unnamed-chunk-10-3.pdf>
Package pdftex.def Info: figure/unnamed-chunk-10-3.pdf  used on input line 333.
 on input line 333.
Package pdftex.def Info: Requested size: 345.0pt x 345.00414pt on input line 33
3.

Overfull \hbox (15.0pt too wide) in paragraph at lines 333--334
[][] 
 []

[13 <./figure/unnamed-chunk-10-2.pdf>]
<figure/unnamed-chunk-10-4.pdf, id=152, pagebox=cropbox, 505.89pt x 505.89pt>
File: figure/unnamed-chunk-10-4.pdf Graphic file (type pdf)
<use figure/unnamed-chunk-10-4.pdf>
Package pdftex.def Info: figure/unnamed-chunk-10-4.pdf  used on input line 335.
 on input line 335.
Package pdftex.def Info: Requested size: 345.0pt x 345.00414pt on input line 33
5.

Overfull \hbox (15.0pt too wide) in paragraph at lines 335--336
[][] 
 []

[14 <./figure/unnamed-chunk-10-3.pdf>]
Package color Info: Redefining color shadecolor on input line 342.
LaTeX Font Info:    Font shape `OT1/cmtt/bx/n' in size <10> not available
(Font)              Font shape `OT1/cmtt/m/n' tried instead on input line 345.

Overfull \hbox (22.4968pt too wide) in paragraph at lines 345--345
[]\OT1/cmtt/m/n/10 ## Error in xy.coords(x, y, xlabel, ylabel, log): 'x' and 'y
' lengths
 []

Package color Info: Redefining color shadecolor on input line 351.
<figure/unnamed-chunk-12-1.pdf, id=166, pagebox=cropbox, 505.89pt x 505.89pt>
File: figure/unnamed-chunk-12-1.pdf Graphic file (type pdf)
<use figure/unnamed-chunk-12-1.pdf>
Package pdftex.def Info: figure/unnamed-chunk-12-1.pdf  used on input line 352.
 on input line 352.
Package pdftex.def Info: Requested size: 345.0pt x 345.00414pt on input line 35
2.

Overfull \hbox (15.0pt too wide) in paragraph at lines 352--353
[][] 
 []

[15 <./figure/unnamed-chunk-10-4.pdf>]
<figure/unnamed-chunk-12-2.pdf, id=180, pagebox=cropbox, 505.89pt x 505.89pt>
File: figure/unnamed-chunk-12-2.pdf Graphic file (type pdf)
<use figure/unnamed-chunk-12-2.pdf>
Package pdftex.def Info: figure/unnamed-chunk-12-2.pdf  used on input line 354.
 on input line 354.
Package pdftex.def Info: Requested size: 345.0pt x 345.00414pt on input line 35
4.

Overfull \hbox (15.0pt too wide) in paragraph at lines 354--355
[][] 
 []

[16 <./figure/unnamed-chunk-12-1.pdf>]
<figure/unnamed-chunk-12-3.pdf, id=190, pagebox=cropbox, 505.89pt x 505.89pt>
File: figure/unnamed-chunk-12-3.pdf Graphic file (type pdf)
<use figure/unnamed-chunk-12-3.pdf>
Package pdftex.def Info: figure/unnamed-chunk-12-3.pdf  used on input line 356.
 on input line 356.
Package pdftex.def Info: Requested size: 345.0pt x 345.00414pt on input line 35
6.

Overfull \hbox (15.0pt too wide) in paragraph at lines 356--357
[][] 
 []

[17 <./figure/unnamed-chunk-12-2.pdf>]
<figure/unnamed-chunk-12-4.pdf, id=200, pagebox=cropbox, 505.89pt x 505.89pt>
File: figure/unnamed-chunk-12-4.pdf Graphic file (type pdf)
<use figure/unnamed-chunk-12-4.pdf>
Package pdftex.def Info: figure/unnamed-chunk-12-4.pdf  used on input line 358.
 on input line 358.
Package pdftex.def Info: Requested size: 345.0pt x 345.00414pt on input line 35
8.

Overfull \hbox (15.0pt too wide) in paragraph at lines 358--359
[][] 
 []

[18 <./figure/unnamed-chunk-12-3.pdf>]
Package color Info: Redefining color shadecolor on input line 365.

Overfull \hbox (6.74693pt too wide) in paragraph at lines 437--437
[]\OT1/cmtt/m/n/10 ## post-warmup draws per chain=4000, total post-warmup draws
=48000.[] 
 []


Overfull \hbox (27.74675pt too wide) in paragraph at lines 437--437
[]\OT1/cmtt/m/n/10 ##           mean se_mean   sd  2.5%   25%   50%   75% 97.5%
 n_eff Rhat[] 
 []


Overfull \hbox (27.74675pt too wide) in paragraph at lines 437--437
[]\OT1/cmtt/m/n/10 ## mu_p[1]  -0.57       0 0.17 -0.90 -0.68 -0.57 -0.45 -0.23
 12321    1[] 
 []


Overfull \hbox (27.74675pt too wide) in paragraph at lines 437--437
[]\OT1/cmtt/m/n/10 ## mu_p[2]  -1.10       0 0.05 -1.20 -1.13 -1.09 -1.06 -1.00
 18692    1[] 
 []


Overfull \hbox (27.74675pt too wide) in paragraph at lines 437--437
[]\OT1/cmtt/m/n/10 ## sigma[1]  1.17       0 0.16  0.89  1.05  1.15  1.27  1.53
 24704    1[] 
 []


Overfull \hbox (27.74675pt too wide) in paragraph at lines 437--437
[]\OT1/cmtt/m/n/10 ## sigma[2]  0.25       0 0.05  0.17  0.21  0.24  0.28  0.35
 14660    1[] 
 []


Overfull \hbox (17.24684pt too wide) in paragraph at lines 437--437
[]\OT1/cmtt/m/n/10 ## Samples were drawn using NUTS(diag_e) at Mon Oct 16 21:52
:58 2017.[] 
 []


Overfull \hbox (38.24666pt too wide) in paragraph at lines 437--437
[]\OT1/cmtt/m/n/10 ## For each parameter, n_eff is a crude measure of effective
 sample size,[] 
 []


Overfull \hbox (27.74675pt too wide) in paragraph at lines 437--437
[]\OT1/cmtt/m/n/10 ## and Rhat is the potential scale reduction factor on split
 chains (at[] 
 []


Overfull \hbox (6.74693pt too wide) in paragraph at lines 437--437
[]\OT1/cmtt/m/n/10 ## post-warmup draws per chain=4000, total post-warmup draws
=48000.[] 
 []


Overfull \hbox (27.74675pt too wide) in paragraph at lines 437--437
[]\OT1/cmtt/m/n/10 ##           mean se_mean   sd  2.5%   25%   50%   75% 97.5%
 n_eff Rhat[] 
 []


Overfull \hbox (27.74675pt too wide) in paragraph at lines 437--437
[]\OT1/cmtt/m/n/10 ## mu_p[1]  -0.89       0 0.17 -1.23 -1.00 -0.89 -0.78 -0.56
 13221    1[] 
 []


Overfull \hbox (27.74675pt too wide) in paragraph at lines 437--437
[]\OT1/cmtt/m/n/10 ## mu_p[2]  -1.11       0 0.07 -1.25 -1.15 -1.11 -1.07 -0.99
 20357    1[] 
 []


Overfull \hbox (27.74675pt too wide) in paragraph at lines 437--437
[]\OT1/cmtt/m/n/10 ## sigma[1]  0.85       0 0.15  0.60  0.74  0.84  0.94  1.19
 17606    1[] 
 []


Overfull \hbox (27.74675pt too wide) in paragraph at lines 437--437
[]\OT1/cmtt/m/n/10 ## sigma[2]  0.18       0 0.07  0.05  0.14  0.18  0.23  0.34
 10359    1[] 
 []


Overfull \hbox (17.24684pt too wide) in paragraph at lines 437--437
[]\OT1/cmtt/m/n/10 ## Samples were drawn using NUTS(diag_e) at Mon Oct 16 22:13
:59 2017.[] 
 []


Overfull \hbox (38.24666pt too wide) in paragraph at lines 437--437
[]\OT1/cmtt/m/n/10 ## For each parameter, n_eff is a crude measure of effective
 sample size,[] 
 []


Overfull \hbox (27.74675pt too wide) in paragraph at lines 437--437
[]\OT1/cmtt/m/n/10 ## and Rhat is the potential scale reduction factor on split
 chains (at[] 
 []


Overfull \hbox (38.24666pt too wide) in paragraph at lines 437--437
[]\OT1/cmtt/m/n/10 ## Inference for Stan model: double_update_rpo_repeated_runs
_notrialpost.[] 
 []


Overfull \hbox (6.74693pt too wide) in paragraph at lines 437--437
[]\OT1/cmtt/m/n/10 ## post-warmup draws per chain=4000, total post-warmup draws
=48000.[] 
 []


Overfull \hbox (38.24666pt too wide) in paragraph at lines 437--437
[]\OT1/cmtt/m/n/10 ##             mean se_mean   sd  2.5%   25%   50%   75% 97.
5% n_eff Rhat[] 
 []


Overfull \hbox (38.24666pt too wide) in paragraph at lines 437--437
[]\OT1/cmtt/m/n/10 ## mu_p[1,1]  -0.54       0 0.13 -0.80 -0.63 -0.54 -0.45 -0.
29  8306    1[] 
 []


Overfull \hbox (38.24666pt too wide) in paragraph at lines 437--437
[]\OT1/cmtt/m/n/10 ## mu_p[1,2]  -0.96       0 0.05 -1.05 -0.99 -0.96 -0.93 -0.
87 16294    1[] 
 []


Overfull \hbox (38.24666pt too wide) in paragraph at lines 437--437
[]\OT1/cmtt/m/n/10 ## mu_p[2,1]  -0.55       0 0.16 -0.88 -0.66 -0.55 -0.44 -0.
23  8556    1[] 
 []


Overfull \hbox (38.24666pt too wide) in paragraph at lines 437--437
[]\OT1/cmtt/m/n/10 ## mu_p[2,2]  -1.10       0 0.05 -1.21 -1.14 -1.10 -1.07 -1.
01 16307    1[] 
 []


Overfull \hbox (38.24666pt too wide) in paragraph at lines 437--437
[]\OT1/cmtt/m/n/10 ## sigma[1,1]  0.97       0 0.11  0.78  0.89  0.96  1.03  1.
20 14388    1[] 
 []


Overfull \hbox (38.24666pt too wide) in paragraph at lines 437--437
[]\OT1/cmtt/m/n/10 ## sigma[1,2]  0.26       0 0.04  0.19  0.23  0.26  0.29  0.
36 16148    1[] 
 []


Overfull \hbox (38.24666pt too wide) in paragraph at lines 437--437
[]\OT1/cmtt/m/n/10 ## sigma[2,1]  1.17       0 0.14  0.92  1.06  1.16  1.26  1.
49 18061    1[] 
 []


Overfull \hbox (38.24666pt too wide) in paragraph at lines 437--437
[]\OT1/cmtt/m/n/10 ## sigma[2,2]  0.25       0 0.05  0.17  0.22  0.25  0.28  0.
35 14420    1[] 
 []


Overfull \hbox (17.24684pt too wide) in paragraph at lines 437--437
[]\OT1/cmtt/m/n/10 ## Samples were drawn using NUTS(diag_e) at Tue Oct 17 03:28
:56 2017.[] 
 []


Overfull \hbox (38.24666pt too wide) in paragraph at lines 437--437
[]\OT1/cmtt/m/n/10 ## For each parameter, n_eff is a crude measure of effective
 sample size,[] 
 []


Overfull \hbox (27.74675pt too wide) in paragraph at lines 437--437
[]\OT1/cmtt/m/n/10 ## and Rhat is the potential scale reduction factor on split
 chains (at[] 
 []


Overfull \hbox (38.24666pt too wide) in paragraph at lines 437--437
[]\OT1/cmtt/m/n/10 ## Inference for Stan model: double_update_rpo_repeated_runs
_notrialpost.[] 
 []


Overfull \hbox (6.74693pt too wide) in paragraph at lines 437--437
[]\OT1/cmtt/m/n/10 ## post-warmup draws per chain=4000, total post-warmup draws
=48000.[] 
 []


Overfull \hbox (38.24666pt too wide) in paragraph at lines 437--437
[]\OT1/cmtt/m/n/10 ##             mean se_mean   sd  2.5%   25%   50%   75% 97.
5% n_eff Rhat[] 
 []


Overfull \hbox (38.24666pt too wide) in paragraph at lines 437--437
[]\OT1/cmtt/m/n/10 ## mu_p[1,1]  -0.71       0 0.20 -1.11 -0.84 -0.71 -0.58 -0.
33  9196    1[] 
 []


Overfull \hbox (38.24666pt too wide) in paragraph at lines 437--437
[]\OT1/cmtt/m/n/10 ## mu_p[1,2]  -1.14       0 0.08 -1.30 -1.19 -1.13 -1.08 -0.
99 11580    1[] 
 []


Overfull \hbox (38.24666pt too wide) in paragraph at lines 437--437
[]\OT1/cmtt/m/n/10 ## mu_p[2,1]  -0.89       0 0.17 -1.22 -1.00 -0.88 -0.77 -0.
56 15845    1[] 
 []


Overfull \hbox (38.24666pt too wide) in paragraph at lines 437--437
[]\OT1/cmtt/m/n/10 ## mu_p[2,2]  -1.12       0 0.07 -1.25 -1.16 -1.11 -1.07 -1.
00 26811    1[] 
 []


Overfull \hbox (38.24666pt too wide) in paragraph at lines 437--437
[]\OT1/cmtt/m/n/10 ## sigma[1,1]  1.00       0 0.17  0.71  0.88  0.98  1.10  1.
38 19298    1[] 
 []


Overfull \hbox (38.24666pt too wide) in paragraph at lines 437--437
[]\OT1/cmtt/m/n/10 ## sigma[1,2]  0.30       0 0.08  0.15  0.25  0.30  0.35  0.
47  7661    1[] 
 []


Overfull \hbox (38.24666pt too wide) in paragraph at lines 437--437
[]\OT1/cmtt/m/n/10 ## sigma[2,1]  0.86       0 0.14  0.62  0.76  0.84  0.94  1.
18 23980    1[] 
 []


Overfull \hbox (38.24666pt too wide) in paragraph at lines 437--437
[]\OT1/cmtt/m/n/10 ## sigma[2,2]  0.19       0 0.07  0.06  0.14  0.18  0.23  0.
34 11069    1[] 
 []


Overfull \hbox (17.24684pt too wide) in paragraph at lines 437--437
[]\OT1/cmtt/m/n/10 ## Samples were drawn using NUTS(diag_e) at Tue Oct 17 08:35
:26 2017.[] 
 []


Overfull \hbox (38.24666pt too wide) in paragraph at lines 437--437
[]\OT1/cmtt/m/n/10 ## For each parameter, n_eff is a crude measure of effective
 sample size,[] 
 []


Overfull \hbox (27.74675pt too wide) in paragraph at lines 437--437
[]\OT1/cmtt/m/n/10 ## and Rhat is the potential scale reduction factor on split
 chains (at[] 
 []

[19 <./figure/unnamed-chunk-12-4.pdf>]
Underfull \vbox (badness 10000) detected at line 438
 []


Underfull \vbox (badness 10000) detected at line 438
 []

[20]
Package color Info: Redefining color shadecolor on input line 442.
<figure/unnamed-chunk-14-1.pdf, id=223, pagebox=cropbox, 505.89pt x 505.89pt>
File: figure/unnamed-chunk-14-1.pdf Graphic file (type pdf)
<use figure/unnamed-chunk-14-1.pdf>
Package pdftex.def Info: figure/unnamed-chunk-14-1.pdf  used on input line 447.
 on input line 447.
Package pdftex.def Info: Requested size: 345.0pt x 345.00414pt on input line 44
7.

Overfull \hbox (15.0pt too wide) in paragraph at lines 447--448
[][] 
 []

[21 <./figure/unnamed-chunk-14-1.pdf>]
<figure/unnamed-chunk-14-2.pdf, id=233, pagebox=cropbox, 505.89pt x 505.89pt>
File: figure/unnamed-chunk-14-2.pdf Graphic file (type pdf)
<use figure/unnamed-chunk-14-2.pdf>
Package pdftex.def Info: figure/unnamed-chunk-14-2.pdf  used on input line 452.
 on input line 452.
Package pdftex.def Info: Requested size: 345.0pt x 345.00414pt on input line 45
2.

Overfull \hbox (15.0pt too wide) in paragraph at lines 452--453
[][] 
 []

<figure/unnamed-chunk-14-3.pdf, id=234, pagebox=cropbox, 505.89pt x 505.89pt>
File: figure/unnamed-chunk-14-3.pdf Graphic file (type pdf)
<use figure/unnamed-chunk-14-3.pdf>
Package pdftex.def Info: figure/unnamed-chunk-14-3.pdf  used on input line 457.
 on input line 457.
Package pdftex.def Info: Requested size: 345.0pt x 345.00414pt on input line 45
7.

Overfull \hbox (15.0pt too wide) in paragraph at lines 457--458
[][] 
 []

[22 <./figure/unnamed-chunk-14-2.pdf>]
<figure/unnamed-chunk-14-4.pdf, id=244, pagebox=cropbox, 505.89pt x 505.89pt>
File: figure/unnamed-chunk-14-4.pdf Graphic file (type pdf)
<use figure/unnamed-chunk-14-4.pdf>
Package pdftex.def Info: figure/unnamed-chunk-14-4.pdf  used on input line 462.
 on input line 462.
Package pdftex.def Info: Requested size: 345.0pt x 345.00414pt on input line 46
2.

Overfull \hbox (15.0pt too wide) in paragraph at lines 462--463
[][] 
 []

[23 <./figure/unnamed-chunk-14-3.pdf>]
LaTeX Font Info:    Try loading font information for OMS+cmr on input line 472.


(/usr/share/texlive/texmf-dist/tex/latex/base/omscmr.fd
File: omscmr.fd 2014/09/29 v2.5h Standard LaTeX font definitions
)
LaTeX Font Info:    Font shape `OMS/cmr/m/n' in size <10> not available
(Font)              Font shape `OMS/cmsy/m/n' tried instead on input line 472.
 [24 <./figure/unnamed-chunk-14-4.pdf>] (./compare_models_moreiterations.aux) )
 
Here is how much of TeX's memory you used:
 1680 strings out of 492990
 26566 string characters out of 6135005
 90073 words of memory out of 5000000
 5215 multiletter control sequences out of 15000+600000
 5326 words of font info for 20 fonts, out of 8000000 for 9000
 1141 hyphenation exceptions out of 8191
 41i,7n,25p,520b,184s stack positions out of 5000i,500n,10000p,200000b,80000s
</usr/share/texlive/texmf-dist/fonts/type1/public/amsfonts/cm/cmbx10.pfb></usr/
share/texlive/texmf-dist/fonts/type1/public/amsfonts/cm/cmbx12.pfb></usr/share/
texlive/texmf-dist/fonts/type1/public/amsfonts/cm/cmr10.pfb></usr/share/texlive
/texmf-dist/fonts/type1/public/amsfonts/cm/cmsy10.pfb></usr/share/texlive/texmf
-dist/fonts/type1/public/amsfonts/cm/cmtt10.pfb>
Output written on compare_models_moreiterations.pdf (24 pages, 12554540 bytes).

PDF statistics:
 283 PDF objects out of 1000 (max. 8388607)
 209 compressed objects within 3 object streams
 0 named destinations out of 1000 (max. 500000)
 101 words of extra memory for PDF output out of 10000 (max. 10000000)

